<?xml version="1.0" encoding="UTF-8"?>
<!-- Generated by org.testng.reporters.JUnitXMLReporter -->
<testsuite hostname="DESKTOP-P5FBFAQ" ignored="0" name="Demo test" tests="2" failures="0" timestamp="16 Oct 2018 20:25:36 GMT" time="14.869" errors="0">
  <testcase name="checkLoginWithValidCredentials" time="11.287" classname="com.viktorcompany.test.LoginPageTest"/>
  <testcase name="checkUserNotLoggedInWithInvalidCredentials" time="3.366" classname="com.viktorcompany.test.LoginPageTest"/>
</testsuite> <!-- Demo test -->
