<?xml version="1.0" encoding="UTF-8"?>
<testng-results skipped="0" failed="0" ignored="0" total="1" passed="1">
  <reporter-output>
  </reporter-output>
  <suite name="Automation demo suite" duration-ms="10011" started-at="2018-08-06T18:07:41Z" finished-at="2018-08-06T18:07:51Z">
    <groups>
    </groups>
    <test name="Demo test" duration-ms="10011" started-at="2018-08-06T18:07:41Z" finished-at="2018-08-06T18:07:51Z">
      <class name="com.viktorcompany.test.LoginPageTest">
        <test-method status="PASS" signature="checkLoginWithValidCredentials()[pri:0, instance:com.viktorcompany.test.LoginPageTest@57459491]" name="checkLoginWithValidCredentials" duration-ms="9789" started-at="2018-08-06T21:07:41Z" finished-at="2018-08-06T21:07:51Z">
          <reporter-output>
          </reporter-output>
        </test-method> <!-- checkLoginWithValidCredentials -->
      </class> <!-- com.viktorcompany.test.LoginPageTest -->
    </test> <!-- Demo test -->
  </suite> <!-- Automation demo suite -->
</testng-results>
